1559838243851	mozrunner::runner	INFO	Running command: "/Applications/Firefox.app/Contents/MacOS/firefox-bin" "-marionette" "-foreground" "-no-remote" "-profile" "/var/folders/t4/x25l36zn2dj2kwwdmp6hmm_r0000gp/T/rust_mozprofile.ZN6x4oXFPWic"
1559838245743	addons.webextension.screenshots@mozilla.org	WARN	Loading extension 'screenshots@mozilla.org': Reading manifest: Invalid extension permission: mozillaAddons
1559838245744	addons.webextension.screenshots@mozilla.org	WARN	Loading extension 'screenshots@mozilla.org': Reading manifest: Invalid extension permission: resource://pdf.js/
1559838245744	addons.webextension.screenshots@mozilla.org	WARN	Loading extension 'screenshots@mozilla.org': Reading manifest: Invalid extension permission: about:reader*
1559838249057	Marionette	INFO	Listening on port 53125
1559838249144	Marionette	WARN	TLS certificate errors will be ignored for this session
1559838249646	Marionette	INFO	Stopped listening on port 53125
JavaScript error: resource://gre/modules/Sqlite.jsm, line 834: Error: Connection is not open.
1559838315991	mozrunner::runner	INFO	Running command: "/Applications/Firefox.app/Contents/MacOS/firefox-bin" "-marionette" "-foreground" "-no-remote" "-profile" "/var/folders/t4/x25l36zn2dj2kwwdmp6hmm_r0000gp/T/rust_mozprofile.hfVnv411s0IB"
1559838316937	addons.webextension.screenshots@mozilla.org	WARN	Loading extension 'screenshots@mozilla.org': Reading manifest: Invalid extension permission: mozillaAddons
1559838316938	addons.webextension.screenshots@mozilla.org	WARN	Loading extension 'screenshots@mozilla.org': Reading manifest: Invalid extension permission: resource://pdf.js/
1559838316938	addons.webextension.screenshots@mozilla.org	WARN	Loading extension 'screenshots@mozilla.org': Reading manifest: Invalid extension permission: about:reader*
1559838319539	Marionette	INFO	Listening on port 53211
1559838319615	Marionette	WARN	TLS certificate errors will be ignored for this session
1559838334606	Marionette	INFO	Stopped listening on port 53211
1559839088182	mozrunner::runner	INFO	Running command: "/Applications/Firefox.app/Contents/MacOS/firefox-bin" "-marionette" "-foreground" "-no-remote" "-profile" "/var/folders/t4/x25l36zn2dj2kwwdmp6hmm_r0000gp/T/rust_mozprofile.IDIw3aKm4J4v"
1559839090164	addons.webextension.screenshots@mozilla.org	WARN	Loading extension 'screenshots@mozilla.org': Reading manifest: Invalid extension permission: mozillaAddons
1559839090165	addons.webextension.screenshots@mozilla.org	WARN	Loading extension 'screenshots@mozilla.org': Reading manifest: Invalid extension permission: resource://pdf.js/
1559839090165	addons.webextension.screenshots@mozilla.org	WARN	Loading extension 'screenshots@mozilla.org': Reading manifest: Invalid extension permission: about:reader*
1559839093952	Marionette	INFO	Listening on port 53329
1559839094039	Marionette	WARN	TLS certificate errors will be ignored for this session
1559839094524	Marionette	INFO	Stopped listening on port 53329
JavaScript error: resource://gre/modules/Sqlite.jsm, line 834: Error: Connection is not open.
1559839282869	mozrunner::runner	INFO	Running command: "/Applications/Firefox.app/Contents/MacOS/firefox-bin" "-marionette" "-foreground" "-no-remote" "-profile" "/var/folders/t4/x25l36zn2dj2kwwdmp6hmm_r0000gp/T/rust_mozprofile.9WHMShOS2RZz"
1559839283742	addons.webextension.screenshots@mozilla.org	WARN	Loading extension 'screenshots@mozilla.org': Reading manifest: Invalid extension permission: mozillaAddons
1559839283743	addons.webextension.screenshots@mozilla.org	WARN	Loading extension 'screenshots@mozilla.org': Reading manifest: Invalid extension permission: resource://pdf.js/
1559839283743	addons.webextension.screenshots@mozilla.org	WARN	Loading extension 'screenshots@mozilla.org': Reading manifest: Invalid extension permission: about:reader*
1559839286250	Marionette	INFO	Listening on port 53410
1559839286279	Marionette	WARN	TLS certificate errors will be ignored for this session
1559839286800	Marionette	INFO	Stopped listening on port 53410
JavaScript error: resource://gre/modules/Sqlite.jsm, line 834: Error: Connection is not open.
1559846454002	mozrunner::runner	INFO	Running command: "/Applications/Firefox.app/Contents/MacOS/firefox-bin" "-marionette" "-foreground" "-no-remote" "-profile" "/var/folders/t4/x25l36zn2dj2kwwdmp6hmm_r0000gp/T/rust_mozprofile.ZHjBnXpLmueo"
1559846455759	addons.webextension.screenshots@mozilla.org	WARN	Loading extension 'screenshots@mozilla.org': Reading manifest: Invalid extension permission: mozillaAddons
1559846455761	addons.webextension.screenshots@mozilla.org	WARN	Loading extension 'screenshots@mozilla.org': Reading manifest: Invalid extension permission: resource://pdf.js/
1559846455761	addons.webextension.screenshots@mozilla.org	WARN	Loading extension 'screenshots@mozilla.org': Reading manifest: Invalid extension permission: about:reader*
1559846459462	Marionette	INFO	Listening on port 53857
1559846459515	Marionette	WARN	TLS certificate errors will be ignored for this session
1559846459901	Marionette	INFO	Stopped listening on port 53857
JavaScript error: resource://gre/modules/Sqlite.jsm, line 834: Error: Connection is not open.
1559847946930	mozrunner::runner	INFO	Running command: "/Applications/Firefox.app/Contents/MacOS/firefox-bin" "-marionette" "-foreground" "-no-remote" "-profile" "/var/folders/t4/x25l36zn2dj2kwwdmp6hmm_r0000gp/T/rust_mozprofile.SzV5DlzPEDCV"
1559847948256	addons.webextension.screenshots@mozilla.org	WARN	Loading extension 'screenshots@mozilla.org': Reading manifest: Invalid extension permission: mozillaAddons
1559847948257	addons.webextension.screenshots@mozilla.org	WARN	Loading extension 'screenshots@mozilla.org': Reading manifest: Invalid extension permission: resource://pdf.js/
1559847948259	addons.webextension.screenshots@mozilla.org	WARN	Loading extension 'screenshots@mozilla.org': Reading manifest: Invalid extension permission: about:reader*
1559847951902	Marionette	INFO	Listening on port 54164
1559847951958	Marionette	WARN	TLS certificate errors will be ignored for this session
1559847952381	Marionette	INFO	Stopped listening on port 54164
JavaScript error: resource://gre/modules/Sqlite.jsm, line 834: Error: Connection is not open.
1560007175281	mozrunner::runner	INFO	Running command: "/Applications/Firefox.app/Contents/MacOS/firefox-bin" "-marionette" "-foreground" "-no-remote" "-profile" "/var/folders/t4/x25l36zn2dj2kwwdmp6hmm_r0000gp/T/rust_mozprofile.BdE926IvaC7Z"
1560007176911	addons.webextension.screenshots@mozilla.org	WARN	Loading extension 'screenshots@mozilla.org': Reading manifest: Invalid extension permission: mozillaAddons
1560007176911	addons.webextension.screenshots@mozilla.org	WARN	Loading extension 'screenshots@mozilla.org': Reading manifest: Invalid extension permission: resource://pdf.js/
1560007176912	addons.webextension.screenshots@mozilla.org	WARN	Loading extension 'screenshots@mozilla.org': Reading manifest: Invalid extension permission: about:reader*
1560007180581	Marionette	INFO	Listening on port 56332
1560007180658	Marionette	WARN	TLS certificate errors will be ignored for this session
1560007181298	Marionette	INFO	Stopped listening on port 56332
1560007198219	mozrunner::runner	INFO	Running command: "/Applications/Firefox.app/Contents/MacOS/firefox-bin" "-marionette" "-foreground" "-no-remote" "-profile" "/var/folders/t4/x25l36zn2dj2kwwdmp6hmm_r0000gp/T/rust_mozprofile.5sxMitt5rAxE"
1560007199204	addons.webextension.screenshots@mozilla.org	WARN	Loading extension 'screenshots@mozilla.org': Reading manifest: Invalid extension permission: mozillaAddons
1560007199205	addons.webextension.screenshots@mozilla.org	WARN	Loading extension 'screenshots@mozilla.org': Reading manifest: Invalid extension permission: resource://pdf.js/
1560007199205	addons.webextension.screenshots@mozilla.org	WARN	Loading extension 'screenshots@mozilla.org': Reading manifest: Invalid extension permission: about:reader*
1560007201925	Marionette	INFO	Listening on port 56405
1560007201940	Marionette	WARN	TLS certificate errors will be ignored for this session
1560007202421	Marionette	INFO	Stopped listening on port 56405
1560007303156	mozrunner::runner	INFO	Running command: "/Applications/Firefox.app/Contents/MacOS/firefox-bin" "-marionette" "-foreground" "-no-remote" "-profile" "/var/folders/t4/x25l36zn2dj2kwwdmp6hmm_r0000gp/T/rust_mozprofile.WAI1lgjQ9IUq"
1560007304057	addons.webextension.screenshots@mozilla.org	WARN	Loading extension 'screenshots@mozilla.org': Reading manifest: Invalid extension permission: mozillaAddons
1560007304058	addons.webextension.screenshots@mozilla.org	WARN	Loading extension 'screenshots@mozilla.org': Reading manifest: Invalid extension permission: resource://pdf.js/
1560007304058	addons.webextension.screenshots@mozilla.org	WARN	Loading extension 'screenshots@mozilla.org': Reading manifest: Invalid extension permission: about:reader*
1560007306625	Marionette	INFO	Listening on port 56467
1560007306680	Marionette	WARN	TLS certificate errors will be ignored for this session
1560007307361	Marionette	INFO	Stopped listening on port 56467
1560007372048	mozrunner::runner	INFO	Running command: "/Applications/Firefox.app/Contents/MacOS/firefox-bin" "-marionette" "-foreground" "-no-remote" "-profile" "/var/folders/t4/x25l36zn2dj2kwwdmp6hmm_r0000gp/T/rust_mozprofile.BJiipQmEwwqO"
1560007373137	addons.webextension.screenshots@mozilla.org	WARN	Loading extension 'screenshots@mozilla.org': Reading manifest: Invalid extension permission: mozillaAddons
1560007373137	addons.webextension.screenshots@mozilla.org	WARN	Loading extension 'screenshots@mozilla.org': Reading manifest: Invalid extension permission: resource://pdf.js/
1560007373137	addons.webextension.screenshots@mozilla.org	WARN	Loading extension 'screenshots@mozilla.org': Reading manifest: Invalid extension permission: about:reader*
1560007375840	Marionette	INFO	Listening on port 56526
1560007375870	Marionette	WARN	TLS certificate errors will be ignored for this session
1560007376595	Marionette	INFO	Stopped listening on port 56526
1560007399249	mozrunner::runner	INFO	Running command: "/Applications/Firefox.app/Contents/MacOS/firefox-bin" "-marionette" "-foreground" "-no-remote" "-profile" "/var/folders/t4/x25l36zn2dj2kwwdmp6hmm_r0000gp/T/rust_mozprofile.jPA01POlas6E"
1560007400118	addons.webextension.screenshots@mozilla.org	WARN	Loading extension 'screenshots@mozilla.org': Reading manifest: Invalid extension permission: mozillaAddons
1560007400119	addons.webextension.screenshots@mozilla.org	WARN	Loading extension 'screenshots@mozilla.org': Reading manifest: Invalid extension permission: resource://pdf.js/
1560007400119	addons.webextension.screenshots@mozilla.org	WARN	Loading extension 'screenshots@mozilla.org': Reading manifest: Invalid extension permission: about:reader*
1560007402670	Marionette	INFO	Listening on port 56580
1560007402764	Marionette	WARN	TLS certificate errors will be ignored for this session
1560007404574	Marionette	INFO	Stopped listening on port 56580
1560007532086	mozrunner::runner	INFO	Running command: "/Applications/Firefox.app/Contents/MacOS/firefox-bin" "-marionette" "-foreground" "-no-remote" "-profile" "/var/folders/t4/x25l36zn2dj2kwwdmp6hmm_r0000gp/T/rust_mozprofile.NcckKSztK7hl"
1560007533081	addons.webextension.screenshots@mozilla.org	WARN	Loading extension 'screenshots@mozilla.org': Reading manifest: Invalid extension permission: mozillaAddons
1560007533081	addons.webextension.screenshots@mozilla.org	WARN	Loading extension 'screenshots@mozilla.org': Reading manifest: Invalid extension permission: resource://pdf.js/
1560007533082	addons.webextension.screenshots@mozilla.org	WARN	Loading extension 'screenshots@mozilla.org': Reading manifest: Invalid extension permission: about:reader*
1560007535818	Marionette	INFO	Listening on port 56646
1560007535918	Marionette	WARN	TLS certificate errors will be ignored for this session
1560007537754	Marionette	INFO	Stopped listening on port 56646
1560007627952	mozrunner::runner	INFO	Running command: "/Applications/Firefox.app/Contents/MacOS/firefox-bin" "-marionette" "-foreground" "-no-remote" "-profile" "/var/folders/t4/x25l36zn2dj2kwwdmp6hmm_r0000gp/T/rust_mozprofile.Aru92n5y9C1V"
1560007628900	addons.webextension.screenshots@mozilla.org	WARN	Loading extension 'screenshots@mozilla.org': Reading manifest: Invalid extension permission: mozillaAddons
1560007628900	addons.webextension.screenshots@mozilla.org	WARN	Loading extension 'screenshots@mozilla.org': Reading manifest: Invalid extension permission: resource://pdf.js/
1560007628900	addons.webextension.screenshots@mozilla.org	WARN	Loading extension 'screenshots@mozilla.org': Reading manifest: Invalid extension permission: about:reader*
1560007631518	Marionette	INFO	Listening on port 56705
1560007631593	Marionette	WARN	TLS certificate errors will be ignored for this session
1560007633428	Marionette	INFO	Stopped listening on port 56705
1560008291273	mozrunner::runner	INFO	Running command: "/Applications/Firefox.app/Contents/MacOS/firefox-bin" "-marionette" "-foreground" "-no-remote" "-profile" "/var/folders/t4/x25l36zn2dj2kwwdmp6hmm_r0000gp/T/rust_mozprofile.HkyF5ovEWhqS"
1560008292279	addons.webextension.screenshots@mozilla.org	WARN	Loading extension 'screenshots@mozilla.org': Reading manifest: Invalid extension permission: mozillaAddons
1560008292279	addons.webextension.screenshots@mozilla.org	WARN	Loading extension 'screenshots@mozilla.org': Reading manifest: Invalid extension permission: resource://pdf.js/
1560008292279	addons.webextension.screenshots@mozilla.org	WARN	Loading extension 'screenshots@mozilla.org': Reading manifest: Invalid extension permission: about:reader*
1560008295006	Marionette	INFO	Listening on port 56827
1560008295075	Marionette	WARN	TLS certificate errors will be ignored for this session
1560008296873	Marionette	INFO	Stopped listening on port 56827
1560008556772	mozrunner::runner	INFO	Running command: "/Applications/Firefox.app/Contents/MacOS/firefox-bin" "-marionette" "-foreground" "-no-remote" "-profile" "/var/folders/t4/x25l36zn2dj2kwwdmp6hmm_r0000gp/T/rust_mozprofile.3WMP9hLWfb8f"
1560008557626	addons.webextension.screenshots@mozilla.org	WARN	Loading extension 'screenshots@mozilla.org': Reading manifest: Invalid extension permission: mozillaAddons
1560008557626	addons.webextension.screenshots@mozilla.org	WARN	Loading extension 'screenshots@mozilla.org': Reading manifest: Invalid extension permission: resource://pdf.js/
1560008557626	addons.webextension.screenshots@mozilla.org	WARN	Loading extension 'screenshots@mozilla.org': Reading manifest: Invalid extension permission: about:reader*
1560008560251	Marionette	INFO	Listening on port 56914
1560008560279	Marionette	WARN	TLS certificate errors will be ignored for this session
1560008562109	Marionette	INFO	Stopped listening on port 56914
1560009414696	mozrunner::runner	INFO	Running command: "/Applications/Firefox.app/Contents/MacOS/firefox-bin" "-marionette" "-foreground" "-no-remote" "-profile" "/var/folders/t4/x25l36zn2dj2kwwdmp6hmm_r0000gp/T/rust_mozprofile.vvUiXT7AZWOv"
1560009415777	addons.webextension.screenshots@mozilla.org	WARN	Loading extension 'screenshots@mozilla.org': Reading manifest: Invalid extension permission: mozillaAddons
1560009415778	addons.webextension.screenshots@mozilla.org	WARN	Loading extension 'screenshots@mozilla.org': Reading manifest: Invalid extension permission: resource://pdf.js/
1560009415778	addons.webextension.screenshots@mozilla.org	WARN	Loading extension 'screenshots@mozilla.org': Reading manifest: Invalid extension permission: about:reader*
1560009418579	Marionette	INFO	Listening on port 57040
1560009418610	Marionette	WARN	TLS certificate errors will be ignored for this session
1560009419311	Marionette	INFO	Stopped listening on port 57040
1560009441904	mozrunner::runner	INFO	Running command: "/Applications/Firefox.app/Contents/MacOS/firefox-bin" "-marionette" "-foreground" "-no-remote" "-profile" "/var/folders/t4/x25l36zn2dj2kwwdmp6hmm_r0000gp/T/rust_mozprofile.P0B86HvlpENO"
1560009442815	addons.webextension.screenshots@mozilla.org	WARN	Loading extension 'screenshots@mozilla.org': Reading manifest: Invalid extension permission: mozillaAddons
1560009442816	addons.webextension.screenshots@mozilla.org	WARN	Loading extension 'screenshots@mozilla.org': Reading manifest: Invalid extension permission: resource://pdf.js/
1560009442816	addons.webextension.screenshots@mozilla.org	WARN	Loading extension 'screenshots@mozilla.org': Reading manifest: Invalid extension permission: about:reader*
1560009445378	Marionette	INFO	Listening on port 57101
1560009445429	Marionette	WARN	TLS certificate errors will be ignored for this session
1560009447276	Marionette	INFO	Stopped listening on port 57101
1560009657909	mozrunner::runner	INFO	Running command: "/Applications/Firefox.app/Contents/MacOS/firefox-bin" "-marionette" "-foreground" "-no-remote" "-profile" "/var/folders/t4/x25l36zn2dj2kwwdmp6hmm_r0000gp/T/rust_mozprofile.RJ836W30hqJ4"
1560009658868	addons.webextension.screenshots@mozilla.org	WARN	Loading extension 'screenshots@mozilla.org': Reading manifest: Invalid extension permission: mozillaAddons
1560009658869	addons.webextension.screenshots@mozilla.org	WARN	Loading extension 'screenshots@mozilla.org': Reading manifest: Invalid extension permission: resource://pdf.js/
1560009658869	addons.webextension.screenshots@mozilla.org	WARN	Loading extension 'screenshots@mozilla.org': Reading manifest: Invalid extension permission: about:reader*
1560009661301	Marionette	INFO	Listening on port 57170
1560009661418	Marionette	WARN	TLS certificate errors will be ignored for this session
1560009663265	Marionette	INFO	Stopped listening on port 57170
1560009761357	mozrunner::runner	INFO	Running command: "/Applications/Firefox.app/Contents/MacOS/firefox-bin" "-marionette" "-foreground" "-no-remote" "-profile" "/var/folders/t4/x25l36zn2dj2kwwdmp6hmm_r0000gp/T/rust_mozprofile.XqgaoirtaJFa"
1560009762163	addons.webextension.screenshots@mozilla.org	WARN	Loading extension 'screenshots@mozilla.org': Reading manifest: Invalid extension permission: mozillaAddons
1560009762163	addons.webextension.screenshots@mozilla.org	WARN	Loading extension 'screenshots@mozilla.org': Reading manifest: Invalid extension permission: resource://pdf.js/
1560009762163	addons.webextension.screenshots@mozilla.org	WARN	Loading extension 'screenshots@mozilla.org': Reading manifest: Invalid extension permission: about:reader*
1560009764755	Marionette	INFO	Listening on port 57232
1560009764769	Marionette	WARN	TLS certificate errors will be ignored for this session
1560009767627	Marionette	INFO	Stopped listening on port 57232
1560009900308	mozrunner::runner	INFO	Running command: "/Applications/Firefox.app/Contents/MacOS/firefox-bin" "-marionette" "-foreground" "-no-remote" "-profile" "/var/folders/t4/x25l36zn2dj2kwwdmp6hmm_r0000gp/T/rust_mozprofile.vqVxqcFSnOB2"
1560009901327	addons.webextension.screenshots@mozilla.org	WARN	Loading extension 'screenshots@mozilla.org': Reading manifest: Invalid extension permission: mozillaAddons
1560009901328	addons.webextension.screenshots@mozilla.org	WARN	Loading extension 'screenshots@mozilla.org': Reading manifest: Invalid extension permission: resource://pdf.js/
1560009901328	addons.webextension.screenshots@mozilla.org	WARN	Loading extension 'screenshots@mozilla.org': Reading manifest: Invalid extension permission: about:reader*
1560009903890	Marionette	INFO	Listening on port 57297
1560009903916	Marionette	WARN	TLS certificate errors will be ignored for this session
1560009906863	Marionette	INFO	Stopped listening on port 57297
1560010098685	mozrunner::runner	INFO	Running command: "/Applications/Firefox.app/Contents/MacOS/firefox-bin" "-marionette" "-foreground" "-no-remote" "-profile" "/var/folders/t4/x25l36zn2dj2kwwdmp6hmm_r0000gp/T/rust_mozprofile.xrLWMyrj74HT"
1560010099686	addons.webextension.screenshots@mozilla.org	WARN	Loading extension 'screenshots@mozilla.org': Reading manifest: Invalid extension permission: mozillaAddons
1560010099686	addons.webextension.screenshots@mozilla.org	WARN	Loading extension 'screenshots@mozilla.org': Reading manifest: Invalid extension permission: resource://pdf.js/
1560010099686	addons.webextension.screenshots@mozilla.org	WARN	Loading extension 'screenshots@mozilla.org': Reading manifest: Invalid extension permission: about:reader*
1560010102303	Marionette	INFO	Listening on port 57364
1560010102398	Marionette	WARN	TLS certificate errors will be ignored for this session
1560010105212	Marionette	INFO	Stopped listening on port 57364
1560010173091	mozrunner::runner	INFO	Running command: "/Applications/Firefox.app/Contents/MacOS/firefox-bin" "-marionette" "-foreground" "-no-remote" "-profile" "/var/folders/t4/x25l36zn2dj2kwwdmp6hmm_r0000gp/T/rust_mozprofile.5hpoCY3HuO3M"
1560010174163	addons.webextension.screenshots@mozilla.org	WARN	Loading extension 'screenshots@mozilla.org': Reading manifest: Invalid extension permission: mozillaAddons
1560010174163	addons.webextension.screenshots@mozilla.org	WARN	Loading extension 'screenshots@mozilla.org': Reading manifest: Invalid extension permission: resource://pdf.js/
1560010174163	addons.webextension.screenshots@mozilla.org	WARN	Loading extension 'screenshots@mozilla.org': Reading manifest: Invalid extension permission: about:reader*
1560010176732	Marionette	INFO	Listening on port 57421
1560010176812	Marionette	WARN	TLS certificate errors will be ignored for this session
1560010179645	Marionette	INFO	Stopped listening on port 57421
